<?xml version='1.0' encoding='UTF-8'?>
<result>
  <suites>
    <suite>
      <file>/mnt/u02/jenkins/workspace/sv6-release-post_deploy-auto2/log/TEST-features-functional-livesale-simple_live_sale.xml</file>
      <name>A simple Live Sale</name>
      <stdout>
    
  </stdout>
      <stderr>
    
  </stderr>
      <duration>280.3032</duration>
      <cases>
        <case>
          <duration>280.3032</duration>
          <className>A simple Live Sale</className>
          <testName>A simple Live Sale with an auctioneer and 2 buyers (outline example : | 4000 |)</testName>
          <skipped>false</skipped>
          <stdout></stdout>
          <stderr></stderr>
          <failedSince>0</failedSince>
        </case>
      </cases>
    </suite>
  </suites>
  <duration>280.3032</duration>
  <keepLongStdio>false</keepLongStdio>
</result>