<?xml version="1.0" encoding="UTF-8"?>
<testsuite errors="0" failures="0" name="Test Trend Visualization Flow" skipped="0" tests="1" time="30.261244">
<testcase classname="Test Trend Visualization Flow" name="Defect analysis Flow" time="30.261244">
  <system-out/>
  <system-err/>
</testcase>
</testsuite>
